This file contains any messages produced by compilers while
running configure, to aid debugging if configure makes a mistake.

It was created by libcfu configure 0.03, which was
generated by GNU Autoconf 2.59.  Invocation command line was

  $ ./configure 

## --------- ##
## Platform. ##
## --------- ##

hostname = localhost
uname -m = x86_64
uname -r = 4.0.4-1-ARCH
uname -s = Linux
uname -v = #1 SMP PREEMPT Mon May 18 06:43:19 CEST 2015

/usr/bin/uname -p = unknown
/bin/uname -X     = unknown

/bin/arch              = unknown
/usr/bin/arch -k       = unknown
/usr/convex/getsysinfo = unknown
hostinfo               = unknown
/bin/machine           = unknown
/usr/bin/oslevel       = unknown
/bin/universe          = unknown

PATH: /usr/local/sbin
PATH: /usr/local/bin
PATH: /usr/bin
PATH: /usr/lib/jvm/default/bin
PATH: /usr/bin/site_perl
PATH: /usr/bin/vendor_perl
PATH: /usr/bin/core_perl


## ----------- ##
## Core tests. ##
## ----------- ##

configure:1350: checking for a BSD-compatible install
configure:1405: result: /usr/bin/install -c
configure:1416: checking whether build environment is sane
configure:1459: result: yes
configure:1524: checking for gawk
configure:1540: found /usr/bin/gawk
configure:1550: result: gawk
configure:1560: checking whether make sets $(MAKE)
configure:1580: result: yes
configure:1763: checking for style of include used by make
configure:1791: result: GNU
configure:1862: checking for gcc
configure:1878: found /usr/bin/gcc
configure:1888: result: gcc
configure:2132: checking for C compiler version
configure:2135: gcc --version </dev/null >&5
gcc (GCC) 4.9.2 20150304 (prerelease)
Copyright (C) 2014 Free Software Foundation, Inc.
This is free software; see the source for copying conditions.  There is NO
warranty; not even for MERCHANTABILITY or FITNESS FOR A PARTICULAR PURPOSE.

configure:2138: $? = 0
configure:2140: gcc -v </dev/null >&5
Using built-in specs.
COLLECT_GCC=gcc
COLLECT_LTO_WRAPPER=/usr/lib/gcc/x86_64-unknown-linux-gnu/4.9.2/lto-wrapper
Target: x86_64-unknown-linux-gnu
Configured with: /build/gcc/src/gcc-4.9-20150304/configure --prefix=/usr --libdir=/usr/lib --libexecdir=/usr/lib --mandir=/usr/share/man --infodir=/usr/share/info --with-bugurl=https://bugs.archlinux.org/ --enable-languages=c,c++,ada,fortran,go,lto,objc,obj-c++ --enable-shared --enable-threads=posix --with-system-zlib --enable-__cxa_atexit --disable-libunwind-exceptions --enable-clocale=gnu --disable-libstdcxx-pch --disable-libssp --enable-gnu-unique-object --enable-linker-build-id --enable-cloog-backend=isl --enable-lto --enable-plugin --enable-install-libiberty --with-linker-hash-style=gnu --disable-multilib --disable-werror --enable-checking=release
Thread model: posix
gcc version 4.9.2 20150304 (prerelease) (GCC) 
configure:2143: $? = 0
configure:2145: gcc -V </dev/null >&5
gcc: error: unrecognized command line option '-V'
gcc: fatal error: no input files
compilation terminated.
configure:2148: $? = 1
configure:2171: checking for C compiler default output file name
configure:2174: gcc    conftest.c  >&5
configure:2177: $? = 0
configure:2223: result: a.out
configure:2228: checking whether the C compiler works
configure:2234: ./a.out
configure:2237: $? = 0
configure:2254: result: yes
configure:2261: checking whether we are cross compiling
configure:2263: result: no
configure:2266: checking for suffix of executables
configure:2268: gcc -o conftest    conftest.c  >&5
configure:2271: $? = 0
configure:2296: result: 
configure:2302: checking for suffix of object files
configure:2323: gcc -c   conftest.c >&5
configure:2326: $? = 0
configure:2348: result: o
configure:2352: checking whether we are using the GNU C compiler
configure:2376: gcc -c   conftest.c >&5
configure:2382: $? = 0
configure:2386: test -z 
			 || test ! -s conftest.err
configure:2389: $? = 0
configure:2392: test -s conftest.o
configure:2395: $? = 0
configure:2408: result: yes
configure:2414: checking whether gcc accepts -g
configure:2435: gcc -c -g  conftest.c >&5
configure:2441: $? = 0
configure:2445: test -z 
			 || test ! -s conftest.err
configure:2448: $? = 0
configure:2451: test -s conftest.o
configure:2454: $? = 0
configure:2465: result: yes
configure:2482: checking for gcc option to accept ANSI C
configure:2552: gcc  -c -g -O2  conftest.c >&5
configure:2558: $? = 0
configure:2562: test -z 
			 || test ! -s conftest.err
configure:2565: $? = 0
configure:2568: test -s conftest.o
configure:2571: $? = 0
configure:2589: result: none needed
configure:2607: gcc -c -g -O2  conftest.c >&5
conftest.c:2:3: error: unknown type name 'choke'
   choke me
   ^
conftest.c:2:3: error: expected '=', ',', ';', 'asm' or '__attribute__' at end of input
configure:2613: $? = 1
configure: failed program was:
| #ifndef __cplusplus
|   choke me
| #endif
configure:2748: checking dependency style of gcc
configure:2838: result: gcc3
configure:2861: checking how to run the C preprocessor
configure:2896: gcc -E  conftest.c
configure:2902: $? = 0
configure:2934: gcc -E  conftest.c
conftest.c:11:28: fatal error: ac_nonexistent.h: No such file or directory
 #include <ac_nonexistent.h>
                            ^
compilation terminated.
configure:2940: $? = 1
configure: failed program was:
| /* confdefs.h.  */
| 
| #define PACKAGE_NAME "libcfu"
| #define PACKAGE_TARNAME "libcfu"
| #define PACKAGE_VERSION "0.03"
| #define PACKAGE_STRING "libcfu 0.03"
| #define PACKAGE_BUGREPORT ""
| #define PACKAGE "libcfu"
| #define VERSION "0.03"
| /* end confdefs.h.  */
| #include <ac_nonexistent.h>
configure:2979: result: gcc -E
configure:3003: gcc -E  conftest.c
configure:3009: $? = 0
configure:3041: gcc -E  conftest.c
conftest.c:11:28: fatal error: ac_nonexistent.h: No such file or directory
 #include <ac_nonexistent.h>
                            ^
compilation terminated.
configure:3047: $? = 1
configure: failed program was:
| /* confdefs.h.  */
| 
| #define PACKAGE_NAME "libcfu"
| #define PACKAGE_TARNAME "libcfu"
| #define PACKAGE_VERSION "0.03"
| #define PACKAGE_STRING "libcfu 0.03"
| #define PACKAGE_BUGREPORT ""
| #define PACKAGE "libcfu"
| #define VERSION "0.03"
| /* end confdefs.h.  */
| #include <ac_nonexistent.h>
configure:3091: checking for egrep
configure:3101: result: grep -E
configure:3106: checking for ANSI C header files
configure:3131: gcc -c -g -O2  conftest.c >&5
configure:3137: $? = 0
configure:3141: test -z 
			 || test ! -s conftest.err
configure:3144: $? = 0
configure:3147: test -s conftest.o
configure:3150: $? = 0
configure:3239: gcc -o conftest -g -O2   conftest.c  >&5
conftest.c: In function 'main':
conftest.c:28:7: warning: incompatible implicit declaration of built-in function 'exit'
       exit(2);
       ^
configure:3242: $? = 0
configure:3244: ./conftest
configure:3247: $? = 0
configure:3262: result: yes
configure:3286: checking for sys/types.h
configure:3302: gcc -c -g -O2  conftest.c >&5
configure:3308: $? = 0
configure:3312: test -z 
			 || test ! -s conftest.err
configure:3315: $? = 0
configure:3318: test -s conftest.o
configure:3321: $? = 0
configure:3332: result: yes
configure:3286: checking for sys/stat.h
configure:3302: gcc -c -g -O2  conftest.c >&5
configure:3308: $? = 0
configure:3312: test -z 
			 || test ! -s conftest.err
configure:3315: $? = 0
configure:3318: test -s conftest.o
configure:3321: $? = 0
configure:3332: result: yes
configure:3286: checking for stdlib.h
configure:3302: gcc -c -g -O2  conftest.c >&5
configure:3308: $? = 0
configure:3312: test -z 
			 || test ! -s conftest.err
configure:3315: $? = 0
configure:3318: test -s conftest.o
configure:3321: $? = 0
configure:3332: result: yes
configure:3286: checking for string.h
configure:3302: gcc -c -g -O2  conftest.c >&5
configure:3308: $? = 0
configure:3312: test -z 
			 || test ! -s conftest.err
configure:3315: $? = 0
configure:3318: test -s conftest.o
configure:3321: $? = 0
configure:3332: result: yes
configure:3286: checking for memory.h
configure:3302: gcc -c -g -O2  conftest.c >&5
configure:3308: $? = 0
configure:3312: test -z 
			 || test ! -s conftest.err
configure:3315: $? = 0
configure:3318: test -s conftest.o
configure:3321: $? = 0
configure:3332: result: yes
configure:3286: checking for strings.h
configure:3302: gcc -c -g -O2  conftest.c >&5
configure:3308: $? = 0
configure:3312: test -z 
			 || test ! -s conftest.err
configure:3315: $? = 0
configure:3318: test -s conftest.o
configure:3321: $? = 0
configure:3332: result: yes
configure:3286: checking for inttypes.h
configure:3302: gcc -c -g -O2  conftest.c >&5
configure:3308: $? = 0
configure:3312: test -z 
			 || test ! -s conftest.err
configure:3315: $? = 0
configure:3318: test -s conftest.o
configure:3321: $? = 0
configure:3332: result: yes
configure:3286: checking for stdint.h
configure:3302: gcc -c -g -O2  conftest.c >&5
configure:3308: $? = 0
configure:3312: test -z 
			 || test ! -s conftest.err
configure:3315: $? = 0
configure:3318: test -s conftest.o
configure:3321: $? = 0
configure:3332: result: yes
configure:3286: checking for unistd.h
configure:3302: gcc -c -g -O2  conftest.c >&5
configure:3308: $? = 0
configure:3312: test -z 
			 || test ! -s conftest.err
configure:3315: $? = 0
configure:3318: test -s conftest.o
configure:3321: $? = 0
configure:3332: result: yes
configure:3345: checking for u_int
configure:3369: gcc -c -g -O2  conftest.c >&5
configure:3375: $? = 0
configure:3379: test -z 
			 || test ! -s conftest.err
configure:3382: $? = 0
configure:3385: test -s conftest.o
configure:3388: $? = 0
configure:3399: result: yes
configure:3456: checking for gcc
configure:3482: result: gcc
configure:3726: checking for C compiler version
configure:3729: gcc --version </dev/null >&5
gcc (GCC) 4.9.2 20150304 (prerelease)
Copyright (C) 2014 Free Software Foundation, Inc.
This is free software; see the source for copying conditions.  There is NO
warranty; not even for MERCHANTABILITY or FITNESS FOR A PARTICULAR PURPOSE.

configure:3732: $? = 0
configure:3734: gcc -v </dev/null >&5
Using built-in specs.
COLLECT_GCC=gcc
COLLECT_LTO_WRAPPER=/usr/lib/gcc/x86_64-unknown-linux-gnu/4.9.2/lto-wrapper
Target: x86_64-unknown-linux-gnu
Configured with: /build/gcc/src/gcc-4.9-20150304/configure --prefix=/usr --libdir=/usr/lib --libexecdir=/usr/lib --mandir=/usr/share/man --infodir=/usr/share/info --with-bugurl=https://bugs.archlinux.org/ --enable-languages=c,c++,ada,fortran,go,lto,objc,obj-c++ --enable-shared --enable-threads=posix --with-system-zlib --enable-__cxa_atexit --disable-libunwind-exceptions --enable-clocale=gnu --disable-libstdcxx-pch --disable-libssp --enable-gnu-unique-object --enable-linker-build-id --enable-cloog-backend=isl --enable-lto --enable-plugin --enable-install-libiberty --with-linker-hash-style=gnu --disable-multilib --disable-werror --enable-checking=release
Thread model: posix
gcc version 4.9.2 20150304 (prerelease) (GCC) 
configure:3737: $? = 0
configure:3739: gcc -V </dev/null >&5
gcc: error: unrecognized command line option '-V'
gcc: fatal error: no input files
compilation terminated.
configure:3742: $? = 1
configure:3745: checking whether we are using the GNU C compiler
configure:3801: result: yes
configure:3807: checking whether gcc accepts -g
configure:3858: result: yes
configure:3875: checking for gcc option to accept ANSI C
configure:3982: result: none needed
configure:4000: gcc -c -g -O2  conftest.c >&5
conftest.c:2:3: error: unknown type name 'choke'
   choke me
   ^
conftest.c:2:3: error: expected '=', ',', ';', 'asm' or '__attribute__' at end of input
configure:4006: $? = 1
configure: failed program was:
| #ifndef __cplusplus
|   choke me
| #endif
configure:4141: checking dependency style of gcc
configure:4231: result: gcc3
configure:4289: checking for ranlib
configure:4305: found /usr/bin/ranlib
configure:4316: result: ranlib
configure:4333: checking for pthread_mutex_init
configure:4390: gcc -o conftest -pthread -g -O2   conftest.c -pthread  >&5
configure:4396: $? = 0
configure:4400: test -z 
			 || test ! -s conftest.err
configure:4403: $? = 0
configure:4406: test -s conftest
configure:4409: $? = 0
configure:4421: result: yes
configure:4585: checking for ANSI C header files
configure:4741: result: yes
configure:4758: checking for stdlib.h
configure:4763: result: yes
configure:4758: checking for string.h
configure:4763: result: yes
configure:4767: checking sys/time.h usability
configure:4779: gcc -c -pthread -g -O2  conftest.c >&5
configure:4785: $? = 0
configure:4789: test -z 
			 || test ! -s conftest.err
configure:4792: $? = 0
configure:4795: test -s conftest.o
configure:4798: $? = 0
configure:4808: result: yes
configure:4812: checking sys/time.h presence
configure:4822: gcc -E  conftest.c
configure:4828: $? = 0
configure:4848: result: yes
configure:4883: checking for sys/time.h
configure:4890: result: yes
configure:4905: checking for an ANSI C-conforming const
configure:4972: gcc -c -pthread -g -O2  conftest.c >&5
configure:4978: $? = 0
configure:4982: test -z 
			 || test ! -s conftest.err
configure:4985: $? = 0
configure:4988: test -s conftest.o
configure:4991: $? = 0
configure:5002: result: yes
configure:5012: checking for inline
configure:5033: gcc -c -pthread -g -O2  conftest.c >&5
configure:5039: $? = 0
configure:5043: test -z 
			 || test ! -s conftest.err
configure:5046: $? = 0
configure:5049: test -s conftest.o
configure:5052: $? = 0
configure:5064: result: inline
configure:5083: checking for size_t
configure:5107: gcc -c -pthread -g -O2  conftest.c >&5
configure:5113: $? = 0
configure:5117: test -z 
			 || test ! -s conftest.err
configure:5120: $? = 0
configure:5123: test -s conftest.o
configure:5126: $? = 0
configure:5137: result: yes
configure:5149: checking whether time.h and sys/time.h may both be included
configure:5174: gcc -c -pthread -g -O2  conftest.c >&5
configure:5180: $? = 0
configure:5184: test -z 
			 || test ! -s conftest.err
configure:5187: $? = 0
configure:5190: test -s conftest.o
configure:5193: $? = 0
configure:5204: result: yes
configure:5221: checking for stdlib.h
configure:5226: result: yes
configure:5366: checking for GNU libc compatible malloc
configure:5395: gcc -o conftest -pthread -g -O2   conftest.c -pthread  >&5
configure:5398: $? = 0
configure:5400: ./conftest
configure:5403: $? = 0
configure:5417: result: yes
configure:5447: checking for working memcmp
configure:5495: gcc -o conftest -pthread -g -O2   conftest.c -pthread  >&5
configure:5498: $? = 0
configure:5500: ./conftest
configure:5503: $? = 0
configure:5517: result: yes
configure:5535: checking for gettimeofday
configure:5592: gcc -o conftest -pthread -g -O2   conftest.c -pthread  >&5
configure:5598: $? = 0
configure:5602: test -z 
			 || test ! -s conftest.err
configure:5605: $? = 0
configure:5608: test -s conftest
configure:5611: $? = 0
configure:5623: result: yes
configure:5535: checking for memset
configure:5592: gcc -o conftest -pthread -g -O2   conftest.c -pthread  >&5
conftest.c:53:6: warning: conflicting types for built-in function 'memset'
 char memset ();
      ^
configure:5598: $? = 0
configure:5602: test -z 
			 || test ! -s conftest.err
configure:5605: $? = 0
configure:5608: test -s conftest
configure:5611: $? = 0
configure:5623: result: yes
configure:5535: checking for strcasecmp
configure:5592: gcc -o conftest -pthread -g -O2   conftest.c -pthread  >&5
conftest.c:54:6: warning: conflicting types for built-in function 'strcasecmp'
 char strcasecmp ();
      ^
configure:5598: $? = 0
configure:5602: test -z 
			 || test ! -s conftest.err
configure:5605: $? = 0
configure:5608: test -s conftest
configure:5611: $? = 0
configure:5623: result: yes
configure:5535: checking for strncasecmp
configure:5592: gcc -o conftest -pthread -g -O2   conftest.c -pthread  >&5
conftest.c:55:6: warning: conflicting types for built-in function 'strncasecmp'
 char strncasecmp ();
      ^
configure:5598: $? = 0
configure:5602: test -z 
			 || test ! -s conftest.err
configure:5605: $? = 0
configure:5608: test -s conftest
configure:5611: $? = 0
configure:5623: result: yes
configure:5818: creating ./config.status

## ---------------------- ##
## Running config.status. ##
## ---------------------- ##

This file was extended by libcfu config.status 0.03, which was
generated by GNU Autoconf 2.59.  Invocation command line was

  CONFIG_FILES    = 
  CONFIG_HEADERS  = 
  CONFIG_LINKS    = 
  CONFIG_COMMANDS = 
  $ ./config.status 

on localhost

config.status:691: creating Makefile
config.status:691: creating src/Makefile
config.status:691: creating examples/Makefile
config.status:691: creating doc/Makefile
config.status:691: creating include/cfutypes.h
config.status:691: creating include/cfu.h
config.status:874: executing depfiles commands

## ---------------- ##
## Cache variables. ##
## ---------------- ##

ac_cv_c_compiler_gnu=yes
ac_cv_c_const=yes
ac_cv_c_inline=inline
ac_cv_env_CC_set=
ac_cv_env_CC_value=
ac_cv_env_CFLAGS_set=
ac_cv_env_CFLAGS_value=
ac_cv_env_CPPFLAGS_set=
ac_cv_env_CPPFLAGS_value=
ac_cv_env_CPP_set=
ac_cv_env_CPP_value=
ac_cv_env_LDFLAGS_set=
ac_cv_env_LDFLAGS_value=
ac_cv_env_build_alias_set=
ac_cv_env_build_alias_value=
ac_cv_env_host_alias_set=
ac_cv_env_host_alias_value=
ac_cv_env_target_alias_set=
ac_cv_env_target_alias_value=
ac_cv_exeext=
ac_cv_func_gettimeofday=yes
ac_cv_func_malloc_0_nonnull=yes
ac_cv_func_memcmp_working=yes
ac_cv_func_memset=yes
ac_cv_func_pthread_mutex_init=yes
ac_cv_func_strcasecmp=yes
ac_cv_func_strncasecmp=yes
ac_cv_header_inttypes_h=yes
ac_cv_header_memory_h=yes
ac_cv_header_stdc=yes
ac_cv_header_stdint_h=yes
ac_cv_header_stdlib_h=yes
ac_cv_header_string_h=yes
ac_cv_header_strings_h=yes
ac_cv_header_sys_stat_h=yes
ac_cv_header_sys_time_h=yes
ac_cv_header_sys_types_h=yes
ac_cv_header_time=yes
ac_cv_header_unistd_h=yes
ac_cv_objext=o
ac_cv_path_install='/usr/bin/install -c'
ac_cv_prog_AWK=gawk
ac_cv_prog_CPP='gcc -E'
ac_cv_prog_ac_ct_CC=gcc
ac_cv_prog_ac_ct_RANLIB=ranlib
ac_cv_prog_cc_g=yes
ac_cv_prog_cc_stdc=
ac_cv_prog_egrep='grep -E'
ac_cv_prog_make_make_set=yes
ac_cv_type_size_t=yes
ac_cv_type_u_int=yes
am_cv_CC_dependencies_compiler_type=gcc3

## ----------------- ##
## Output variables. ##
## ----------------- ##

ACLOCAL='${SHELL} /root/Downloads/Technosphere.spring2015.DB-master/libcfu-0.03/missing --run aclocal-1.9'
AMDEPBACKSLASH='\'
AMDEP_FALSE='#'
AMDEP_TRUE=''
AMTAR='${SHELL} /root/Downloads/Technosphere.spring2015.DB-master/libcfu-0.03/missing --run tar'
AUTOCONF='${SHELL} /root/Downloads/Technosphere.spring2015.DB-master/libcfu-0.03/missing --run autoconf'
AUTOHEADER='${SHELL} /root/Downloads/Technosphere.spring2015.DB-master/libcfu-0.03/missing --run autoheader'
AUTOMAKE='${SHELL} /root/Downloads/Technosphere.spring2015.DB-master/libcfu-0.03/missing --run automake-1.9'
AWK='gawk'
CC='gcc'
CCDEPMODE='depmode=gcc3'
CFLAGS='-pthread -g -O2'
CPP='gcc -E'
CPPFLAGS=''
CYGPATH_W='echo'
DEBUG_FALSE=''
DEBUG_TRUE='#'
DEFS='-DPACKAGE_NAME=\"libcfu\" -DPACKAGE_TARNAME=\"libcfu\" -DPACKAGE_VERSION=\"0.03\" -DPACKAGE_STRING=\"libcfu\ 0.03\" -DPACKAGE_BUGREPORT=\"\" -DPACKAGE=\"libcfu\" -DVERSION=\"0.03\" -DSTDC_HEADERS=1 -DHAVE_SYS_TYPES_H=1 -DHAVE_SYS_STAT_H=1 -DHAVE_STDLIB_H=1 -DHAVE_STRING_H=1 -DHAVE_MEMORY_H=1 -DHAVE_STRINGS_H=1 -DHAVE_INTTYPES_H=1 -DHAVE_STDINT_H=1 -DHAVE_UNISTD_H=1 -DSTDC_HEADERS=1 -DHAVE_STDLIB_H=1 -DHAVE_STRING_H=1 -DHAVE_SYS_TIME_H=1 -DTIME_WITH_SYS_TIME=1 -DHAVE_STDLIB_H=1 -DHAVE_MALLOC=1 -DHAVE_GETTIMEOFDAY=1 -DHAVE_MEMSET=1 -DHAVE_STRCASECMP=1 -DHAVE_STRNCASECMP=1 '
DEPDIR='.deps'
ECHO_C=''
ECHO_N='-n'
ECHO_T=''
EGREP='grep -E'
EXEEXT=''
INSTALL_DATA='${INSTALL} -m 644'
INSTALL_PROGRAM='${INSTALL}'
INSTALL_SCRIPT='${INSTALL}'
INSTALL_STRIP_PROGRAM='${SHELL} $(install_sh) -c -s'
LDFLAGS=''
LIBCFU_TYPE_u_int='/* u_int is defined */'
LIBOBJS=''
LIBS='-pthread '
LTLIBOBJS=''
MAKEINFO='${SHELL} /root/Downloads/Technosphere.spring2015.DB-master/libcfu-0.03/missing --run makeinfo'
OBJEXT='o'
PACKAGE='libcfu'
PACKAGE_BUGREPORT=''
PACKAGE_NAME='libcfu'
PACKAGE_STRING='libcfu 0.03'
PACKAGE_TARNAME='libcfu'
PACKAGE_VERSION='0.03'
PATH_SEPARATOR=':'
RANLIB='ranlib'
SET_MAKE=''
SHELL='/bin/sh'
STRIP=''
VERSION='0.03'
ac_ct_CC='gcc'
ac_ct_RANLIB='ranlib'
ac_ct_STRIP=''
am__fastdepCC_FALSE='#'
am__fastdepCC_TRUE=''
am__include='include'
am__leading_dot='.'
am__quote=''
am__tar='${AMTAR} chof - "$$tardir"'
am__untar='${AMTAR} xf -'
bindir='${exec_prefix}/bin'
build_alias=''
datadir='${prefix}/share'
exec_prefix='${prefix}'
host_alias=''
includedir='${prefix}/include'
infodir='${prefix}/info'
install_sh='/root/Downloads/Technosphere.spring2015.DB-master/libcfu-0.03/install-sh'
libdir='${exec_prefix}/lib'
libexecdir='${exec_prefix}/libexec'
localstatedir='${prefix}/var'
mandir='${prefix}/man'
mkdir_p='mkdir -p --'
oldincludedir='/usr/include'
prefix='/usr/local'
program_transform_name='s,x,x,'
sbindir='${exec_prefix}/sbin'
sharedstatedir='${prefix}/com'
sysconfdir='${prefix}/etc'
target_alias=''

## ----------- ##
## confdefs.h. ##
## ----------- ##

#define HAVE_GETTIMEOFDAY 1
#define HAVE_INTTYPES_H 1
#define HAVE_MALLOC 1
#define HAVE_MEMORY_H 1
#define HAVE_MEMSET 1
#define HAVE_STDINT_H 1
#define HAVE_STDLIB_H 1
#define HAVE_STDLIB_H 1
#define HAVE_STDLIB_H 1
#define HAVE_STRCASECMP 1
#define HAVE_STRINGS_H 1
#define HAVE_STRING_H 1
#define HAVE_STRING_H 1
#define HAVE_STRNCASECMP 1
#define HAVE_SYS_STAT_H 1
#define HAVE_SYS_TIME_H 1
#define HAVE_SYS_TYPES_H 1
#define HAVE_UNISTD_H 1
#define PACKAGE "libcfu"
#define PACKAGE_BUGREPORT ""
#define PACKAGE_NAME "libcfu"
#define PACKAGE_STRING "libcfu 0.03"
#define PACKAGE_TARNAME "libcfu"
#define PACKAGE_VERSION "0.03"
#define STDC_HEADERS 1
#define STDC_HEADERS 1
#define TIME_WITH_SYS_TIME 1
#define VERSION "0.03"

configure: exit 0

## ---------------------- ##
## Running config.status. ##
## ---------------------- ##

This file was extended by libcfu config.status 0.03, which was
generated by GNU Autoconf 2.59.  Invocation command line was

  CONFIG_FILES    = 
  CONFIG_HEADERS  = 
  CONFIG_LINKS    = 
  CONFIG_COMMANDS = 
  $ ./config.status examples/Makefile depfiles

on localhost

config.status:691: creating examples/Makefile
config.status:874: executing depfiles commands

## ---------------------- ##
## Running config.status. ##
## ---------------------- ##

This file was extended by libcfu config.status 0.03, which was
generated by GNU Autoconf 2.59.  Invocation command line was

  CONFIG_FILES    = 
  CONFIG_HEADERS  = 
  CONFIG_LINKS    = 
  CONFIG_COMMANDS = 
  $ ./config.status Makefile

on localhost

config.status:691: creating Makefile

## ---------------------- ##
## Running config.status. ##
## ---------------------- ##

This file was extended by libcfu config.status 0.03, which was
generated by GNU Autoconf 2.59.  Invocation command line was

  CONFIG_FILES    = 
  CONFIG_HEADERS  = 
  CONFIG_LINKS    = 
  CONFIG_COMMANDS = 
  $ ./config.status src/Makefile depfiles

on localhost

config.status:691: creating src/Makefile
config.status:874: executing depfiles commands

## ---------------------- ##
## Running config.status. ##
## ---------------------- ##

This file was extended by libcfu config.status 0.03, which was
generated by GNU Autoconf 2.59.  Invocation command line was

  CONFIG_FILES    = 
  CONFIG_HEADERS  = 
  CONFIG_LINKS    = 
  CONFIG_COMMANDS = 
  $ ./config.status examples/Makefile depfiles

on localhost

config.status:691: creating examples/Makefile
config.status:874: executing depfiles commands

## ---------------------- ##
## Running config.status. ##
## ---------------------- ##

This file was extended by libcfu config.status 0.03, which was
generated by GNU Autoconf 2.59.  Invocation command line was

  CONFIG_FILES    = 
  CONFIG_HEADERS  = 
  CONFIG_LINKS    = 
  CONFIG_COMMANDS = 
  $ ./config.status doc/Makefile

on localhost

config.status:691: creating doc/Makefile
